<?xml version="1.0" encoding="UTF-8"?>
<!-- Generated by org.testng.reporters.JUnitReportReporter -->
<testsuite hostname="LAPTOP-6OACLVLF" failures="0" tests="1" name="POM_App_TestCases.LoginService" time="4.617" errors="0" timestamp="2022-04-25T06:19:45 IST" skipped="0">
  <testcase classname="POM_App_TestCases.LoginService" name="verify_valid_User_Login" time="4.617"/>
  <system-out/>
</testsuite> <!-- POM_App_TestCases.LoginService -->
